<?xml version="1.0" encoding="UTF-8"?>
<!-- Generated by org.testng.reporters.JUnitXMLReporter -->
<testsuite ignored="0" hostname="LAPTOP-8FRMBSEQ" failures="0" tests="3" name="Test-2" time="0.201" errors="0" timestamp="10 Aug 2020 04:44:46 GMT">
  <testcase classname="Testcases.BaseClass" name="@BeforeClass setup" time="0.0">
    <failure type="org.testng.TestNGException" message="
Parameter &amp;apos;browser&amp;apos; is required by BeforeClass on method setup but has not been marked @Optional or defined
in C:\Nikita\workspace\E-Commerce\testng.xml">
      <![CDATA[org.testng.TestNGException: 
Parameter 'browser' is required by BeforeClass on method setup but has not been marked @Optional or defined
in C:\Nikita\workspace\E-Commerce\testng.xml
... Removed 23 stack frames]]>
    </failure>
  </testcase> <!-- @BeforeClass setup -->
  <testcase classname="Testcases.BaseClass" name="@AfterClass teardown" time="0.0">
    <skipped/>
  </testcase> <!-- @AfterClass teardown -->
  <testcase classname="Testcases.BaseClass" name="@BeforeClass setup" time="0.0">
    <failure type="org.testng.TestNGException" message="
Parameter &amp;apos;browser&amp;apos; is required by BeforeClass on method setup but has not been marked @Optional or defined
in C:\Nikita\workspace\E-Commerce\testng.xml">
      <![CDATA[org.testng.TestNGException: 
Parameter 'browser' is required by BeforeClass on method setup but has not been marked @Optional or defined
in C:\Nikita\workspace\E-Commerce\testng.xml
... Removed 23 stack frames]]>
    </failure>
  </testcase> <!-- @BeforeClass setup -->
  <testcase classname="Testcases.HomePage_Testcases" name="@BeforeMethod login" time="0.0">
    <skipped/>
  </testcase> <!-- @BeforeMethod login -->
  <testcase classname="Testcases.BaseClass" name="@AfterClass teardown" time="0.0">
    <skipped/>
  </testcase> <!-- @AfterClass teardown -->
  <testcase classname="Testcases.Login_TestCases" name="loginVerified" time="0.0">
    <skipped/>
  </testcase> <!-- loginVerified -->
  <testcase classname="Testcases.Login_TestCases" name="loginpagetitleVerified" time="0.0">
    <skipped/>
  </testcase> <!-- loginpagetitleVerified -->
  <testcase classname="Testcases.HomePage_Testcases" name="verifyhomepagetitle" time="0.0">
    <skipped/>
  </testcase> <!-- verifyhomepagetitle -->
</testsuite> <!-- Test-2 -->
